Tue Sep 12 2023 21:57:57 } [PH] error: 🐱‍🏍 globalErrorHandler ~~ 
Invalid `prisma.user.findUnique()` invocation in
/mnt/2ED6AF4CD6AF12DF/0_Job/all prectiess/jonkar vai/New/assignment/next lvl 2.0/Assignment 8/src/app/module/user/user.services.ts:38:36

  35 };
  36 
  37 const getProfile = async (id: string): Promise<User | null> => {
→ 38   const result = await prisma.user.findUnique({
         where: {
           id: undefined,
       ?   email?: String,
       ?   AND?: UserWhereInput | UserWhereInput[],
       ?   OR?: UserWhereInput[],
       ?   NOT?: UserWhereInput | UserWhereInput[],
       ?   name?: StringFilter | String,
       ?   password?: StringFilter | String,
       ?   role?: EnumRoleFilter | Role,
       ?   contactNo?: StringFilter | String,
       ?   address?: StringFilter | String,
       ?   profileImg?: StringFilter | String,
       ?   createdAt?: DateTimeFilter | DateTime,
       ?   updatedAt?: DateTimeFilter | DateTime,
       ?   reviewAndRatings?: ReviewAndRatingListRelationFilter,
       ?   orders?: OrderListRelationFilter
         }
       })

Argument `where` of type UserWhereUniqueInput needs at least one of `id` or `email` arguments. Available options are listed in green.
